<?xml version="1.0" encoding="UTF-8"?>
<!-- Generated by org.testng.reporters.JUnitReportReporter -->
<testsuite hostname="DESKTOP-58HQAGD" failures="0" tests="1" name="automationsample.Browselaunch" time="39.203" errors="0" timestamp="2024-02-29T16:49:30 IST" skipped="0">
  <testcase classname="automationsample.Browselaunch" name="Test1" time="39.203"/>
</testsuite> <!-- automationsample.Browselaunch -->
